TN:
SF:src\zone-flags.ts
FNF:0
FNH:0
DA:6,1
LF:1
LH:1
BRF:0
BRH:0
end_of_record
TN:
SF:src\app\app.component.ts
FNF:0
FNH:0
DA:7,1
LF:1
LH:1
BRF:0
BRH:0
end_of_record
TN:
SF:src\app\components\modal\modal\modal.component.ts
FN:37,(anonymous_0)
FN:41,(anonymous_1)
FN:54,(anonymous_2)
FN:59,(anonymous_3)
FNF:4
FNH:4
FNDA:5,(anonymous_0)
FNDA:5,(anonymous_1)
FNDA:1,(anonymous_2)
FNDA:1,(anonymous_3)
DA:9,1
DA:38,5
DA:43,5
DA:45,0
DA:46,0
DA:48,5
DA:50,0
DA:56,1
DA:61,1
LF:9
LH:6
BRDA:43,0,0,0
BRDA:43,0,1,5
BRDA:48,1,0,0
BRDA:56,2,0,1
BRF:4
BRH:2
end_of_record
TN:
SF:src\app\components\side-menu\side-menu\side-menu.component.ts
FN:16,(anonymous_0)
FN:21,(anonymous_1)
FN:26,(anonymous_2)
FN:35,(anonymous_4)
FN:40,(anonymous_5)
FN:45,(anonymous_6)
FN:50,(anonymous_8)
FNF:7
FNH:6
FNDA:31,(anonymous_0)
FNDA:32,(anonymous_1)
FNDA:0,(anonymous_2)
FNDA:1,(anonymous_4)
FNDA:1,(anonymous_5)
FNDA:1,(anonymous_6)
FNDA:1,(anonymous_8)
DA:11,1
DA:13,31
DA:17,31
DA:18,31
DA:23,32
DA:28,0
DA:32,0
DA:37,1
DA:42,1
DA:47,1
DA:52,1
LF:11
LH:9
BRDA:23,0,0,12
BRF:1
BRH:1
end_of_record
TN:
SF:src\app\mocks\authMock.ts
FNF:0
FNH:0
DA:4,1
DA:23,1
LF:2
LH:2
BRF:0
BRH:0
end_of_record
TN:
SF:src\app\mocks\bookmarkMock.ts
FN:5,(anonymous_0)
FNF:1
FNH:1
FNDA:1,(anonymous_0)
DA:5,1
DA:7,1
DA:8,1
DA:9,1
DA:10,1
DA:14,1
DA:32,1
DA:50,1
DA:66,1
DA:82,1
DA:98,1
LF:11
LH:11
BRDA:5,0,0,1
BRDA:5,0,1,1
BRF:2
BRH:2
end_of_record
TN:
SF:src\app\pages\forgot-password\forgot-password\forgot-password.page.ts
FN:13,(anonymous_0)
FN:24,(anonymous_1)
FN:29,(anonymous_2)
FN:40,(anonymous_3)
FN:40,(anonymous_4)
FN:45,(anonymous_5)
FNF:6
FNH:6
FNDA:7,(anonymous_0)
FNDA:1,(anonymous_1)
FNDA:2,(anonymous_2)
FNDA:1,(anonymous_3)
FNDA:1,(anonymous_4)
FNDA:108,(anonymous_5)
DA:11,1
DA:14,7
DA:15,7
DA:18,7
DA:19,7
DA:26,1
DA:31,2
DA:33,1
DA:36,1
DA:40,1
DA:41,1
DA:46,108
LF:12
LH:12
BRDA:31,0,0,1
BRF:1
BRH:1
end_of_record
TN:
SF:src\app\pages\login\login\login.page.ts
FN:15,(anonymous_0)
FN:21,(anonymous_1)
FN:34,(anonymous_2)
FN:39,(anonymous_3)
FN:44,(anonymous_4)
FN:55,(anonymous_5)
FN:55,(anonymous_6)
FN:71,(anonymous_7)
FNF:8
FNH:8
FNDA:8,(anonymous_0)
FNDA:7,(anonymous_1)
FNDA:1,(anonymous_2)
FNDA:1,(anonymous_3)
FNDA:5,(anonymous_4)
FNDA:2,(anonymous_5)
FNDA:2,(anonymous_6)
FNDA:190,(anonymous_7)
DA:13,1
DA:16,8
DA:17,8
DA:18,8
DA:23,7
DA:24,7
DA:28,8
DA:36,1
DA:41,1
DA:46,5
DA:47,4
DA:50,4
DA:55,4
DA:57,2
DA:59,1
DA:60,1
DA:62,1
DA:63,1
DA:64,1
DA:66,1
DA:72,190
LF:21
LH:21
BRDA:24,0,0,0
BRDA:24,1,0,7
BRDA:24,1,1,7
BRDA:46,2,0,1
BRDA:57,3,0,1
BRF:5
BRH:4
end_of_record
TN:
SF:src\app\pages\not-authorized\not-authorized\not-authorized.page.ts
FN:11,(anonymous_0)
FN:15,(anonymous_1)
FNF:2
FNH:2
FNDA:9,(anonymous_0)
FNDA:1,(anonymous_1)
DA:9,1
DA:12,9
DA:17,1
LF:3
LH:3
BRF:0
BRH:0
end_of_record
TN:
SF:src\app\pages\register\register\register.page.ts
FN:16,(anonymous_0)
FN:31,(anonymous_1)
FN:36,(anonymous_2)
FN:61,(anonymous_3)
FN:61,(anonymous_4)
FN:72,(anonymous_5)
FN:72,(anonymous_6)
FN:79,(anonymous_7)
FNF:8
FNH:6
FNDA:8,(anonymous_0)
FNDA:1,(anonymous_1)
FNDA:4,(anonymous_2)
FNDA:1,(anonymous_3)
FNDA:1,(anonymous_4)
FNDA:0,(anonymous_5)
FNDA:0,(anonymous_6)
FNDA:528,(anonymous_7)
DA:13,1
DA:15,8
DA:17,8
DA:18,8
DA:19,8
DA:22,8
DA:33,1
DA:38,4
DA:39,4
DA:41,1
DA:42,1
DA:45,3
DA:47,2
DA:50,2
DA:61,2
DA:63,1
DA:64,1
DA:66,1
DA:70,1
DA:72,1
DA:73,0
DA:80,528
LF:22
LH:21
BRDA:39,0,0,1
BRDA:45,1,0,1
BRF:2
BRH:2
end_of_record
TN:
SF:src\app\pages\settings\settings\settings.page.ts
FN:35,(anonymous_0)
FN:45,(anonymous_1)
FN:61,(anonymous_2)
FN:61,(anonymous_3)
FN:83,(anonymous_4)
FN:102,(anonymous_6)
FN:102,(anonymous_7)
FN:108,(anonymous_8)
FN:121,(anonymous_9)
FN:133,(anonymous_11)
FN:139,(anonymous_12)
FN:148,(anonymous_13)
FN:157,(anonymous_14)
FN:157,(anonymous_15)
FN:163,(anonymous_16)
FN:163,(anonymous_17)
FN:165,(anonymous_18)
FN:165,(anonymous_19)
FN:166,(anonymous_20)
FN:166,(anonymous_21)
FN:174,(anonymous_22)
FN:178,(anonymous_23)
FNF:22
FNH:0
FNDA:0,(anonymous_0)
FNDA:0,(anonymous_1)
FNDA:0,(anonymous_2)
FNDA:0,(anonymous_3)
FNDA:0,(anonymous_4)
FNDA:0,(anonymous_6)
FNDA:0,(anonymous_7)
FNDA:0,(anonymous_8)
FNDA:0,(anonymous_9)
FNDA:0,(anonymous_11)
FNDA:0,(anonymous_12)
FNDA:0,(anonymous_13)
FNDA:0,(anonymous_14)
FNDA:0,(anonymous_15)
FNDA:0,(anonymous_16)
FNDA:0,(anonymous_17)
FNDA:0,(anonymous_18)
FNDA:0,(anonymous_19)
FNDA:0,(anonymous_20)
FNDA:0,(anonymous_21)
FNDA:0,(anonymous_22)
FNDA:0,(anonymous_23)
DA:16,1
DA:18,0
DA:19,0
DA:20,0
DA:21,0
DA:25,0
DA:36,0
DA:37,0
DA:38,0
DA:39,0
DA:40,0
DA:41,0
DA:42,0
DA:49,0
DA:51,0
DA:52,0
DA:54,0
DA:55,0
DA:59,0
DA:61,0
DA:63,0
DA:78,0
DA:85,0
DA:87,0
DA:88,0
DA:91,0
DA:102,0
DA:103,0
DA:110,0
DA:111,0
DA:113,0
DA:115,0
DA:117,0
DA:123,0
DA:134,0
DA:140,0
DA:145,0
DA:150,0
DA:151,0
DA:153,0
DA:155,0
DA:157,0
DA:158,0
DA:163,0
DA:164,0
DA:165,0
DA:166,0
DA:167,0
DA:175,0
DA:180,0
LF:50
LH:1
BRDA:52,0,0,0
BRDA:52,0,1,0
BRDA:52,1,0,0
BRDA:52,1,1,0
BRDA:85,2,0,0
BRDA:111,3,0,0
BRDA:111,3,1,0
BRDA:115,4,0,0
BRDA:151,5,0,0
BRDA:155,6,0,0
BRF:10
BRH:0
end_of_record
TN:
SF:src\app\pages\splash-screen\splash-screen.page.ts
FN:11,(anonymous_0)
FN:15,(anonymous_1)
FNF:2
FNH:2
FNDA:1,(anonymous_0)
FNDA:1,(anonymous_1)
DA:9,1
DA:12,1
DA:17,1
LF:3
LH:3
BRF:0
BRH:0
end_of_record
TN:
SF:src\app\services\auth\auth.service.ts
FN:15,(anonymous_0)
FN:23,(anonymous_1)
FN:29,(anonymous_2)
FN:38,(anonymous_3)
FN:44,(anonymous_4)
FN:53,(anonymous_5)
FN:58,(anonymous_6)
FN:66,(anonymous_7)
FN:73,(anonymous_9)
FN:75,(anonymous_11)
FN:80,(anonymous_12)
FN:86,(anonymous_13)
FN:91,(anonymous_14)
FN:97,(anonymous_15)
FN:106,(anonymous_16)
FNF:15
FNH:11
FNDA:63,(anonymous_0)
FNDA:3,(anonymous_1)
FNDA:1,(anonymous_2)
FNDA:2,(anonymous_3)
FNDA:1,(anonymous_4)
FNDA:1,(anonymous_5)
FNDA:1,(anonymous_6)
FNDA:1,(anonymous_7)
FNDA:3,(anonymous_9)
FNDA:3,(anonymous_11)
FNDA:1,(anonymous_12)
FNDA:0,(anonymous_13)
FNDA:0,(anonymous_14)
FNDA:0,(anonymous_15)
FNDA:0,(anonymous_16)
DA:13,1
DA:16,63
DA:17,63
DA:20,63
DA:21,63
DA:25,3
DA:26,3
DA:27,3
DA:30,1
DA:40,2
DA:41,2
DA:42,2
DA:45,1
DA:55,1
DA:56,1
DA:59,1
DA:68,1
DA:70,1
DA:75,3
DA:76,3
DA:77,3
DA:82,1
DA:83,1
DA:88,0
DA:93,0
DA:94,0
DA:99,0
DA:101,0
DA:102,0
DA:104,0
DA:106,0
DA:107,0
LF:32
LH:23
BRDA:94,0,0,0
BRDA:94,0,1,0
BRDA:101,1,0,0
BRDA:101,1,1,0
BRF:4
BRH:0
end_of_record
TN:
SF:src\app\services\bookmarks\bookmarks.service.ts
FN:13,(anonymous_0)
FN:20,(anonymous_1)
FN:25,(anonymous_2)
FN:34,(anonymous_3)
FN:39,(anonymous_4)
FN:46,(anonymous_5)
FN:51,(anonymous_6)
FN:60,(anonymous_7)
FN:65,(anonymous_8)
FN:72,(anonymous_9)
FN:81,(anonymous_10)
FNF:11
FNH:9
FNDA:34,(anonymous_0)
FNDA:8,(anonymous_1)
FNDA:1,(anonymous_2)
FNDA:2,(anonymous_3)
FNDA:1,(anonymous_4)
FNDA:8,(anonymous_5)
FNDA:1,(anonymous_6)
FNDA:3,(anonymous_7)
FNDA:1,(anonymous_8)
FNDA:0,(anonymous_9)
FNDA:0,(anonymous_10)
DA:11,1
DA:14,34
DA:17,34
DA:18,34
DA:22,8
DA:23,8
DA:26,1
DA:36,2
DA:37,2
DA:39,1
DA:48,8
DA:49,8
DA:52,1
DA:62,3
DA:63,3
DA:65,1
DA:74,0
DA:76,0
DA:77,0
DA:79,0
DA:81,0
DA:82,0
LF:22
LH:16
BRDA:76,0,0,0
BRDA:76,0,1,0
BRF:2
BRH:0
end_of_record
TN:
SF:src\app\services\ingredients\ingredients.service.ts
FN:13,(anonymous_0)
FN:20,(anonymous_1)
FN:25,(anonymous_2)
FN:33,(anonymous_3)
FN:38,(anonymous_4)
FN:46,(anonymous_5)
FN:51,(anonymous_6)
FN:59,(anonymous_7)
FN:64,(anonymous_8)
FN:70,(anonymous_9)
FN:75,(anonymous_10)
FN:81,(anonymous_11)
FN:86,(anonymous_12)
FN:92,(anonymous_13)
FN:101,(anonymous_14)
FNF:15
FNH:13
FNDA:23,(anonymous_0)
FNDA:10,(anonymous_1)
FNDA:1,(anonymous_2)
FNDA:12,(anonymous_3)
FNDA:1,(anonymous_4)
FNDA:2,(anonymous_5)
FNDA:1,(anonymous_6)
FNDA:1,(anonymous_7)
FNDA:1,(anonymous_8)
FNDA:1,(anonymous_9)
FNDA:1,(anonymous_10)
FNDA:1,(anonymous_11)
FNDA:1,(anonymous_12)
FNDA:0,(anonymous_13)
FNDA:0,(anonymous_14)
DA:11,1
DA:14,23
DA:17,23
DA:18,23
DA:22,10
DA:23,10
DA:26,1
DA:35,12
DA:36,12
DA:39,1
DA:48,2
DA:49,2
DA:52,1
DA:61,1
DA:62,1
DA:64,1
DA:72,1
DA:73,1
DA:75,1
DA:83,1
DA:84,1
DA:86,1
DA:94,0
DA:96,0
DA:97,0
DA:99,0
DA:101,0
DA:102,0
LF:28
LH:22
BRDA:96,0,0,0
BRDA:96,0,1,0
BRF:2
BRH:0
end_of_record
TN:
SF:src\app\services\recipes\recipes.service.ts
FN:13,(anonymous_0)
FN:20,(anonymous_1)
FN:25,(anonymous_2)
FN:33,(anonymous_3)
FN:38,(anonymous_4)
FN:46,(anonymous_5)
FN:51,(anonymous_6)
FN:59,(anonymous_7)
FN:64,(anonymous_8)
FN:72,(anonymous_9)
FN:77,(anonymous_10)
FN:83,(anonymous_11)
FN:88,(anonymous_12)
FN:94,(anonymous_13)
FN:99,(anonymous_14)
FN:105,(anonymous_15)
FN:114,(anonymous_16)
FNF:17
FNH:15
FNDA:25,(anonymous_0)
FNDA:10,(anonymous_1)
FNDA:1,(anonymous_2)
FNDA:1,(anonymous_3)
FNDA:1,(anonymous_4)
FNDA:12,(anonymous_5)
FNDA:1,(anonymous_6)
FNDA:3,(anonymous_7)
FNDA:2,(anonymous_8)
FNDA:1,(anonymous_9)
FNDA:1,(anonymous_10)
FNDA:1,(anonymous_11)
FNDA:1,(anonymous_12)
FNDA:1,(anonymous_13)
FNDA:1,(anonymous_14)
FNDA:0,(anonymous_15)
FNDA:0,(anonymous_16)
DA:11,1
DA:14,25
DA:17,25
DA:18,25
DA:22,10
DA:23,10
DA:26,1
DA:35,1
DA:36,1
DA:39,1
DA:48,12
DA:49,12
DA:52,1
DA:61,3
DA:62,3
DA:65,2
DA:74,1
DA:75,1
DA:77,1
DA:85,1
DA:86,1
DA:88,1
DA:96,1
DA:97,1
DA:99,1
DA:107,0
DA:109,0
DA:110,0
DA:112,0
DA:114,0
DA:115,0
LF:31
LH:25
BRDA:109,0,0,0
BRDA:109,0,1,0
BRF:2
BRH:0
end_of_record
TN:
SF:src\app\services\route-guard\route.guard.ts
FN:11,(anonymous_0)
FN:16,(anonymous_1)
FNF:2
FNH:2
FNDA:2,(anonymous_0)
FNDA:1,(anonymous_1)
DA:9,1
DA:12,2
DA:13,2
DA:20,1
DA:21,0
LF:5
LH:4
BRDA:20,0,0,1
BRDA:20,0,1,0
BRF:2
BRH:1
end_of_record
TN:
SF:src\app\services\users\users.service.ts
FN:13,(anonymous_0)
FN:21,(anonymous_1)
FN:26,(anonymous_2)
FN:34,(anonymous_3)
FN:39,(anonymous_4)
FN:47,(anonymous_5)
FN:52,(anonymous_6)
FN:60,(anonymous_7)
FN:65,(anonymous_8)
FN:71,(anonymous_9)
FN:76,(anonymous_10)
FN:82,(anonymous_11)
FN:87,(anonymous_12)
FN:93,(anonymous_13)
FN:102,(anonymous_14)
FNF:15
FNH:13
FNDA:7,(anonymous_0)
FNDA:1,(anonymous_1)
FNDA:1,(anonymous_2)
FNDA:1,(anonymous_3)
FNDA:1,(anonymous_4)
FNDA:1,(anonymous_5)
FNDA:1,(anonymous_6)
FNDA:1,(anonymous_7)
FNDA:1,(anonymous_8)
FNDA:1,(anonymous_9)
FNDA:1,(anonymous_10)
FNDA:1,(anonymous_11)
FNDA:1,(anonymous_12)
FNDA:0,(anonymous_13)
FNDA:0,(anonymous_14)
DA:11,1
DA:14,7
DA:18,7
DA:19,7
DA:23,1
DA:24,1
DA:27,1
DA:36,1
DA:37,1
DA:40,1
DA:49,1
DA:50,1
DA:53,1
DA:62,1
DA:63,1
DA:65,1
DA:73,1
DA:74,1
DA:76,1
DA:84,1
DA:85,1
DA:87,1
DA:95,0
DA:97,0
DA:98,0
DA:100,0
DA:102,0
DA:103,0
LF:28
LH:22
BRDA:97,0,0,0
BRDA:97,0,1,0
BRF:2
BRH:0
end_of_record
TN:
SF:src\app\tab1\tab1.page.ts
FN:27,(anonymous_0)
FN:34,(anonymous_1)
FN:41,(anonymous_2)
FN:41,(anonymous_3)
FN:50,(anonymous_4)
FN:52,(anonymous_5)
FN:52,(anonymous_6)
FN:53,(anonymous_7)
FN:64,(anonymous_8)
FN:68,(anonymous_10)
FN:68,(anonymous_11)
FN:95,(anonymous_12)
FN:131,(anonymous_13)
FN:135,(anonymous_15)
FN:138,(anonymous_16)
FN:142,(anonymous_17)
FN:155,(anonymous_18)
FN:160,(anonymous_19)
FN:165,(anonymous_20)
FN:170,(anonymous_21)
FN:180,(anonymous_22)
FN:191,(anonymous_23)
FN:197,(anonymous_24)
FNF:23
FNH:19
FNDA:9,(anonymous_0)
FNDA:11,(anonymous_1)
FNDA:2,(anonymous_2)
FNDA:2,(anonymous_3)
FNDA:12,(anonymous_4)
FNDA:1,(anonymous_5)
FNDA:1,(anonymous_6)
FNDA:1,(anonymous_7)
FNDA:0,(anonymous_8)
FNDA:0,(anonymous_10)
FNDA:0,(anonymous_11)
FNDA:2,(anonymous_12)
FNDA:2,(anonymous_13)
FNDA:2,(anonymous_15)
FNDA:2,(anonymous_16)
FNDA:1,(anonymous_17)
FNDA:2,(anonymous_18)
FNDA:2,(anonymous_19)
FNDA:2,(anonymous_20)
FNDA:2,(anonymous_21)
FNDA:0,(anonymous_22)
FNDA:1,(anonymous_23)
FNDA:1,(anonymous_24)
DA:14,1
DA:16,9
DA:17,9
DA:19,9
DA:24,9
DA:25,9
DA:28,9
DA:29,9
DA:30,9
DA:31,9
DA:36,11
DA:38,11
DA:39,1
DA:41,11
DA:42,2
DA:44,2
DA:47,11
DA:52,12
DA:53,1
DA:54,1
DA:55,1
DA:57,1
DA:59,1
DA:66,0
DA:68,0
DA:70,0
DA:89,0
DA:97,2
DA:99,2
DA:104,2
DA:106,1
DA:107,1
DA:111,1
DA:112,1
DA:116,2
DA:118,2
DA:121,2
DA:127,2
DA:128,2
DA:132,2
DA:135,2
DA:140,2
DA:142,2
DA:143,1
DA:144,1
DA:145,1
DA:147,1
DA:148,1
DA:150,1
DA:151,1
DA:157,2
DA:162,2
DA:168,2
DA:170,2
DA:171,2
DA:172,0
DA:174,2
DA:177,2
DA:182,0
DA:184,0
DA:186,0
DA:188,0
DA:193,1
DA:194,1
DA:199,1
LF:65
LH:56
BRDA:36,0,0,1
BRDA:38,1,0,10
BRDA:38,1,1,1
BRDA:44,2,0,1
BRDA:50,3,0,12
BRDA:50,4,0,12
BRDA:57,5,0,0
BRDA:104,6,0,1
BRDA:104,6,1,1
BRDA:116,7,0,0
BRDA:171,8,0,0
BRDA:171,8,1,2
BRDA:188,9,0,0
BRF:13
BRH:9
end_of_record
TN:
SF:src\app\tab2\tab2.page.ts
FN:23,(anonymous_0)
FN:30,(anonymous_1)
FN:37,(anonymous_2)
FN:37,(anonymous_3)
FN:44,(anonymous_4)
FN:46,(anonymous_5)
FN:46,(anonymous_6)
FN:48,(anonymous_7)
FN:59,(anonymous_8)
FN:63,(anonymous_10)
FN:63,(anonymous_11)
FN:92,(anonymous_12)
FN:128,(anonymous_13)
FN:132,(anonymous_15)
FN:135,(anonymous_16)
FN:146,(anonymous_17)
FN:152,(anonymous_18)
FNF:17
FNH:14
FNDA:9,(anonymous_0)
FNDA:11,(anonymous_1)
FNDA:2,(anonymous_2)
FNDA:2,(anonymous_3)
FNDA:12,(anonymous_4)
FNDA:1,(anonymous_5)
FNDA:1,(anonymous_6)
FNDA:1,(anonymous_7)
FNDA:1,(anonymous_8)
FNDA:0,(anonymous_10)
FNDA:0,(anonymous_11)
FNDA:2,(anonymous_12)
FNDA:1,(anonymous_13)
FNDA:1,(anonymous_15)
FNDA:0,(anonymous_16)
FNDA:1,(anonymous_17)
FNDA:1,(anonymous_18)
DA:13,1
DA:15,9
DA:16,9
DA:18,9
DA:20,9
DA:21,9
DA:24,9
DA:25,9
DA:26,9
DA:27,9
DA:32,11
DA:34,11
DA:35,1
DA:37,11
DA:38,2
DA:41,11
DA:46,12
DA:48,1
DA:49,1
DA:50,1
DA:52,1
DA:54,1
DA:61,1
DA:63,1
DA:65,0
DA:86,0
DA:94,2
DA:96,2
DA:101,2
DA:103,1
DA:104,1
DA:108,1
DA:109,1
DA:113,2
DA:115,1
DA:118,1
DA:124,1
DA:125,1
DA:129,1
DA:132,1
DA:137,0
DA:139,0
DA:141,0
DA:143,0
DA:148,1
DA:149,1
DA:154,1
LF:47
LH:41
BRDA:32,0,0,10
BRDA:34,1,0,10
BRDA:34,1,1,1
BRDA:44,2,0,12
BRDA:44,3,0,12
BRDA:52,4,0,0
BRDA:101,5,0,1
BRDA:101,5,1,1
BRDA:113,6,0,1
BRDA:143,7,0,0
BRF:10
BRH:8
end_of_record
TN:
SF:src\app\tab3\tab3.page.ts
FN:25,(anonymous_0)
FN:35,(anonymous_1)
FN:49,(anonymous_2)
FN:51,(anonymous_3)
FN:51,(anonymous_4)
FN:52,(anonymous_5)
FN:63,(anonymous_6)
FN:65,(anonymous_7)
FN:65,(anonymous_8)
FN:67,(anonymous_9)
FN:78,(anonymous_10)
FN:82,(anonymous_12)
FN:82,(anonymous_13)
FN:107,(anonymous_14)
FN:111,(anonymous_16)
FN:111,(anonymous_17)
FN:138,(anonymous_18)
FN:154,(anonymous_20)
FN:163,(anonymous_21)
FN:195,(anonymous_22)
FN:200,(anonymous_23)
FNF:21
FNH:13
FNDA:7,(anonymous_0)
FNDA:7,(anonymous_1)
FNDA:8,(anonymous_2)
FNDA:1,(anonymous_3)
FNDA:1,(anonymous_4)
FNDA:1,(anonymous_5)
FNDA:8,(anonymous_6)
FNDA:1,(anonymous_7)
FNDA:1,(anonymous_8)
FNDA:1,(anonymous_9)
FNDA:0,(anonymous_10)
FNDA:0,(anonymous_12)
FNDA:0,(anonymous_13)
FNDA:0,(anonymous_14)
FNDA:0,(anonymous_16)
FNDA:0,(anonymous_17)
FNDA:2,(anonymous_18)
FNDA:0,(anonymous_20)
FNDA:0,(anonymous_21)
FNDA:1,(anonymous_22)
FNDA:1,(anonymous_23)
DA:17,1
DA:19,7
DA:20,7
DA:21,7
DA:22,7
DA:23,7
DA:26,7
DA:27,7
DA:28,7
DA:29,7
DA:30,7
DA:31,7
DA:32,7
DA:37,7
DA:39,7
DA:40,7
DA:42,7
DA:43,4
DA:45,7
DA:46,7
DA:51,8
DA:52,1
DA:53,1
DA:55,1
DA:57,1
DA:65,8
DA:67,1
DA:68,1
DA:70,1
DA:72,1
DA:80,0
DA:82,0
DA:84,0
DA:103,0
DA:109,0
DA:111,0
DA:113,0
DA:134,0
DA:140,2
DA:142,2
DA:144,1
DA:146,1
DA:155,0
DA:161,1
DA:163,1
DA:165,0
DA:167,0
DA:169,0
DA:172,0
DA:178,0
DA:180,0
DA:183,0
DA:189,0
DA:197,1
DA:202,1
LF:55
LH:38
BRDA:39,0,0,7
BRDA:42,1,0,3
BRDA:42,1,1,4
BRDA:142,2,0,1
BRDA:165,3,0,0
BRDA:169,4,0,0
BRDA:169,4,1,0
BRDA:180,5,0,0
BRF:8
BRH:4
end_of_record
TN:
SF:src\app\tabs\tabs.page.ts
FN:11,(anonymous_1)
FNF:1
FNH:1
FNDA:1,(anonymous_1)
DA:7,1
DA:9,1
DA:13,1
LF:3
LH:3
BRDA:13,0,0,0
BRF:1
BRH:0
end_of_record
TN:
SF:src\environments\environment.ts
FNF:0
FNH:0
DA:1,1
LF:1
LH:1
BRF:0
BRH:0
end_of_record
